[15:33:01] [ServerMain/INFO]: Environment: Environment[sessionHost=https://sessionserver.mojang.com, servicesHost=https://api.minecraftservices.com, profilesHost=https://api.mojang.com, name=PROD]
[15:33:02] [Worker-Main-3/WARN]: Found loot table element validation problem in {minecraft:entities/player@minecraft:loot_table}.pools[1].entries[0]: Missing element player_heads:entities/player of type minecraft:loot_table
[15:33:02] [Worker-Main-3/WARN]: Found loot table element validation problem in {minecraft:entities/villager@minecraft:loot_table}.pools[2].entries[0]: Missing element more_mob_heads:entities/villager of type minecraft:loot_table
[15:33:02] [ServerMain/INFO]: Loaded 1519 recipes
[15:33:02] [ServerMain/INFO]: Loaded 1617 advancements
[15:33:02] [Server thread/INFO]: Starting minecraft server version 1.21.11
[15:33:02] [Server thread/INFO]: Loading properties
[15:33:02] [Server thread/INFO]: Default game type: SURVIVAL
[15:33:02] [Server thread/INFO]: Generating keypair
[15:33:02] [Server thread/INFO]: Starting Minecraft server on *:25565
[15:33:02] [Server thread/INFO]: Preparing level "world"
[15:33:03] [Server thread/INFO]: Loading 75 persistent chunks...
[15:33:03] [Server thread/INFO]: Preparing spawn area: 11%
[15:33:03] [Server thread/INFO]: Preparing spawn area: 11%
[15:33:03] [Server thread/INFO]: Time elapsed: 738 ms
[15:33:03] [Server thread/INFO]: Done (1.006s)! For help, type "help"
[15:33:40] [User Authenticator #1/INFO]: UUID of player Enowra is ae880276-405b-4513-89db-e80964539ed7
[15:33:41] [Server thread/INFO]: Enowra[/86.124.24.17:62859] logged in with entity id 629 at (-5087.404703190077, 69.0, 3992.5362827782824)
[15:33:41] [Server thread/INFO]: Enowra joined the game
[15:33:42] [Server thread/INFO]: Enowra has reached the goal [Beaconator]
[15:33:42] [Server thread/INFO]: Enowra has made the advancement [Bring Home the Beacon]
